<?xml version="1.0" encoding="UTF-8"?>
<!-- Generated by org.testng.reporters.JUnitReportReporter -->
<testsuite hostname="SatheshHP" failures="0" tests="2" name="org.TestNG.Test1" time="11.262" errors="0" timestamp="2024-07-25T19:09:23 IST" skipped="0">
  <testcase classname="org.TestNG.Test1" name="google" time="4.647"/>
  <system-out/>
  <testcase classname="org.TestNG.Test1" name="faceook" time="6.615"/>
  <system-out/>
</testsuite> <!-- org.TestNG.Test1 -->
